<?xml version="1.0" encoding="UTF-8"?>
<!-- Generated by org.testng.reporters.JUnitReportReporter -->
<testsuite hostname="OT-QC-Mahmoud" failures="0" tests="1" name="GoogleSearch.MisspelledKeyword" time="11.786" errors="0" timestamp="2021-01-30T03:07:35 EET" skipped="0">
  <testcase classname="GoogleSearch.MisspelledKeyword" name="misspelledkeyword" time="11.786"/>
  <system-out/>
</testsuite> <!-- GoogleSearch.MisspelledKeyword -->
