<?xml version="1.0" encoding="UTF-8"?>
<!-- Generated by org.testng.reporters.JUnitReportReporter -->
<testsuite hostname="OT-QC-Mahmoud" failures="0" tests="1" name="GoogleSearch.IncorrectKeywords" time="15.526" errors="0" timestamp="2021-01-30T03:15:11 EET" skipped="0">
  <testcase classname="GoogleSearch.IncorrectKeywords" name="IncorrectKeywords" time="15.526"/>
  <system-out/>
</testsuite> <!-- GoogleSearch.IncorrectKeywords -->
